> options(echo=FALSE)
1,rs2984618,47684677,47690438,5761,7.301769,2,II
1,rs657452,49376820,50559820,1183000,12.61395,8,III
1,rs2481665,62594677,62594677,0,6.535756,12,II
1,rs3101336,72513186,72956535,443349,26.34127,109,III
1,rs12566985,74977277,75014362,37085,14.23047,221,III
1,rs17381664,78048331,78623626,575295,9.915576,243,III
1,rs11165643,96882671,97091507,208836,11.69204,283,III
1,rs17024393,110082886,110154688,71802,13.11987,313,II
1,rs543874,177770097,177935050,164953,34.36083,368,III
1,rs2820292,201783682,201885026,101344,9.499205,385,I
2,rs13021737,554109,663483,109374,50.2979,75,III
2,rs10182181,24730847,25333735,602888,22.39463,235,III
2,rs11126666,26912079,26932031,19952,8.942478,261,III
2,rs1016287,58792377,59329153,536776,10.78622,292,III
2,rs11688816,63053048,63053048,0,7.54013,297,II
2,rs2121279,142959931,143043285,83354,7.589373,300,II
2,rs1528435,181550962,181575281,24319,8.028722,301,III
2,rs972540,207244783,207244783,0,6.783247,303,II
2,rs11692326,208255518,208263279,7761,7.149387,305,II
2,rs7599312,213413231,213413231,0,10.01045,306,II
2,rs1541777,219587291,219587291,0,6.461564,307,II
2,rs6713510,227034499,227034499,0,6.913281,308,I
3,rs1899951,12336507,12396955,60448,6.804782,2,III
3,rs6804842,25099776,25106437,6661,8.618778,5,II
3,rs2365389,61187046,61236462,49416,9.955986,7,II
3,rs3849570,81792112,81792112,0,7.493081,8,II
3,rs13078960,85653460,86170244,516784,13.5802,33,III
3,rs16851483,141275436,141335121,59685,9.450043,74,III
3,rs1516725,185776491,185847441,70950,21.96721,93,I
4,rs10938397,45082236,45224500,142264,37.72946,18,III
4,rs17001654,77117309,77129568,12259,8.110124,26,II
4,rs13107325,102708235,103373286,665051,11.63745,28,III
4,rs11727676,145659064,145659064,0,7.653223,32,I
5,rs2112347,74602699,75038718,436019,16.42186,91,III
5,rs815610,153517178,153540025,22847,7.189351,98,I
6,rs6457796,34439569,34828553,388984,9.758485,16,II
6,rs2033529,40348653,40348653,0,8.068896,17,II
6,rs2207139,50668612,51148435,479823,28.2672,41,III
6,rs9400239,108977663,108996963,19300,7.913798,91,III
6,rs9374842,120185665,120185665,0,7.038613,93,II
6,rs13201877,137675541,137675541,0,6.648698,94,II
6,rs13191362,163033350,163033350,0,8.103031,95,I
7,rs1167827,75163169,75176196,13027,9.032142,1,III
7,rs2245368,76608143,76639871,31728,7.572492,3,I
8,rs17405819,76573711,77031661,457950,10.94388,40,III
8,rs16907751,81375457,81375457,0,6.943492,102,II
8,rs2033732,85079709,85079709,0,7.385312,103,II
8,rs4438957,137805768,137805768,0,7.207872,104,I
9,rs4740619,15634326,15670492,36166,8.111694,1,III
9,rs10968576,28410683,28425515,14832,13.3461,8,III
9,rs6477694,111932342,111932342,0,7.701234,11,II
9,rs1928295,120378483,120378483,0,8.878271,12,II
9,rs10760279,126105291,126105291,0,6.678284,13,II
9,rs10733682,129460914,129465325,4411,7.701234,14,I
10,rs7899106,87410622,87410904,282,7.577413,2,II
10,rs17094222,102395440,102396758,1318,10.24771,3,III
10,rs11191582,104594507,104913653,319146,8.207735,41,II
10,rs7903146,114752503,114808902,56399,11.23009,45,I
11,rs2316901,8398847,8694830,295983,10.80607,58,III
11,rs2049045,27456059,27748493,292434,26.92609,139,III
11,rs2176598,43864278,43864278,0,7.420455,157,II
11,rs3817334,47303275,47929846,626571,16.54166,219,III
11,rs1816537,112968651,112968651,0,6.663677,289,II
11,rs12286929,115022404,115044850,22446,11.59182,290,I
12,rs11611246,939480,939480,0,6.642235,1,II
12,rs11170468,39428802,39430048,1246,7.216665,3,II
12,rs7138803,50169070,50285562,116492,23.52997,34,III
12,rs11057405,122781897,122781897,0,7.623392,52,I
13,rs9579083,28000282,28052613,52331,9.460841,6,III
13,rs12429545,54071824,54111175,39351,11.924,32,III
13,rs9540493,66205704,66205704,0,6.728871,37,II
13,rs1441264,79580919,79580919,0,7.34369,38,I
14,rs10132280,25928179,25992612,64433,10.87426,1,III
14,rs12885454,29723614,30515112,791498,9.450043,4,III
14,rs7144011,79890677,79945162,54485,13.54619,26,III
14,rs709400,103862322,104149475,287153,7.145057,30,I
15,rs3736485,51748610,51956056,207446,7.864098,1,III
15,rs16951275,67762056,68137364,375308,16.3702,40,III
15,rs7164727,73085815,73093991,8176,7.308934,59,II
15,rs4984406,95268494,95268494,0,6.535756,60,I
16,rs11866815,387867,387867,0,6.752546,1,II
16,rs879620,3599655,4033097,433442,8.974414,5,III
16,rs12446632,19728455,20262776,534321,17.71276,37,III
16,rs3888190,28330790,28998111,667321,22.67578,113,III
16,rs9925964,31011183,31147548,136365,9.230441,143,III
16,rs2908871,49039077,49062590,23513,7.291405,150,III
16,rs1558902,53712135,53920666,208531,152.7151,184,I
17,rs9914578,2005136,2005136,0,6.911266,1,II
17,rs1000940,5280440,5283252,2812,7.787237,3,II
17,rs4986044,21261560,21261560,0,6.913281,4,II
17,rs12940622,78558411,78615571,57160,8.363253,7,I
18,rs1788820,21074922,21165080,90158,7.355784,7,III
18,rs7239883,40147671,40147671,0,6.913281,37,II
18,rs663129,56883319,58086458,1203139,53.27221,117,III
19,rs17724992,18449238,18820308,371070,7.526403,2,III
19,rs29938,34304903,34323214,18311,7.457823,11,III
19,rs11672660,45395619,46202172,806553,17.19319,16,III
19,rs3810291,47569003,47611128,42125,14.41937,21,I
20,rs6091540,50981945,51094563,112618,7.107264,3,I
